This is pdfTeX, Version 3.1415926-2.5-1.40.14 (TeX Live 2013) (format=latex 2014.1.21)  22 JAN 2014 10:01
entering extended mode
 restricted \write18 enabled.
 %&-line parsing enabled.
**sigproc.bib
(./sigproc.bib
LaTeX2e <2011/06/27>
Babel <3.9f> and hyphenation patterns for 21 languages loaded.

! LaTeX Error: Missing \begin{document}.

See the LaTeX manual or LaTeX Companion for explanation.
Type  H <return>  for immediate help.
 ...                                              
                                                  
l.1 @
     INPROCEEDINGS{nonlinear:Mark,
? 
! Emergency stop.
 ...                                              
                                                  
l.1 @
     INPROCEEDINGS{nonlinear:Mark,
You're in trouble here.  Try typing  <return>  to proceed.
If that doesn't work, type  X <return>  to quit.

 
Here is how much of TeX's memory you used:
 7 strings out of 494537
 263 string characters out of 6167472
 46955 words of memory out of 5000000
 3354 multiletter control sequences out of 15000+600000
 3640 words of font info for 14 fonts, out of 8000000 for 9000
 319 hyphenation exceptions out of 8191
 5i,0n,4p,44b,14s stack positions out of 5000i,500n,10000p,200000b,80000s
No pages of output.
